This is pdfTeX, Version 3.14159265-2.6-1.40.17 (TeX Live 2016/Debian) (preloaded format=pdflatex 2017.9.21)  6 OCT 2017 13:56
entering extended mode
 \write18 enabled.
 %&-line parsing enabled.
**src/clib/src/csr.c
(./src/clib/src/csr.c
LaTeX2e <2017/01/01> patch level 3
Babel <3.9r> and hyphenation patterns for 83 language(s) loaded.
! You can't use `macro parameter character #' in vertical mode.
l.1 #
     include "csparse/csparse.h"
? 
! Emergency stop.
l.1 #
     include "csparse/csparse.h"
End of file on the terminal!

 
Here is how much of TeX's memory you used:
 7 strings out of 493013
 168 string characters out of 6135682
 53242 words of memory out of 5000000
 3649 multiletter control sequences out of 15000+600000
 3640 words of font info for 14 fonts, out of 8000000 for 9000
 1141 hyphenation exceptions out of 8191
 5i,0n,1p,49b,8s stack positions out of 5000i,500n,10000p,200000b,80000s
!  ==> Fatal error occurred, no output PDF file produced!
